TN:
SF:src/controllers/hello.controller.ts
FN:4,<instance_members_initializer>
FN:7,HelloController
FN:11,getHello
FNF:3
FNH:3
FNDA:1,<instance_members_initializer>
FNDA:1,HelloController
FNDA:1,getHello
DA:1,1
DA:2,1
DA:3,1
DA:4,1
DA:5,1
DA:6,1
DA:7,1
DA:8,1
DA:9,1
DA:10,1
DA:11,1
DA:12,1
DA:13,1
DA:14,1
DA:15,1
LF:15
LH:15
BRDA:4,0,0,1
BRDA:7,1,0,1
BRDA:11,2,0,1
BRF:3
BRH:3
end_of_record
TN:
SF:src/services/hello.service.ts
FN:3,<instance_members_initializer>
FN:6,HelloService
FN:10,getHelloMessage
FNF:3
FNH:3
FNDA:1,<instance_members_initializer>
FNDA:1,HelloService
FNDA:1,getHelloMessage
DA:1,1
DA:2,1
DA:3,1
DA:4,1
DA:5,1
DA:6,1
DA:7,1
DA:8,1
DA:9,1
DA:10,1
DA:11,1
DA:12,1
DA:13,1
LF:13
LH:13
BRDA:3,0,0,1
BRDA:6,1,0,1
BRDA:10,2,0,1
BRF:3
BRH:3
end_of_record
